# JRE version: OpenJDK Runtime Environment (11.0.2+9) (build 11.0.2+9)
# Java VM: OpenJDK 64-Bit Server VM (11.0.2+9, mixed mode, tiered, compressed oops, g1 gc, windows-amd64)
Heap:
 garbage-first heap   total 734208K, used 144778K [0x0000000080000000, 0x0000000100000000)
  region size 1024K, 13 young (13312K), 13 survivors (13312K)
 Metaspace       used 125616K, capacity 129422K, committed 131240K, reserved 630784K
  class space    used 16120K, capacity 17605K, committed 18328K, reserved 516096K
GC Heap History (10 events):
Event: 3524.801 GC heap after
{Heap after GC invocations=86 (full 0):
 garbage-first heap   total 227328K, used 145376K [0x0000000080000000, 0x0000000100000000)
  region size 1024K, 1 young (1024K), 1 survivors (1024K)
 Metaspace       used 124277K, capacity 127974K, committed 130344K, reserved 628736K
  class space    used 15975K, capacity 17387K, committed 18200K, reserved 516096K
}
Event: 3524.878 GC heap before
{Heap before GC invocations=86 (full 0):
 garbage-first heap   total 227328K, used 154592K [0x0000000080000000, 0x0000000100000000)
  region size 1024K, 11 young (11264K), 1 survivors (1024K)
 Metaspace       used 124335K, capacity 128006K, committed 130344K, reserved 628736K
  class space    used 15979K, capacity 17395K, committed 18200K, reserved 516096K
}
Event: 3524.907 GC heap after
{Heap after GC invocations=87 (full 0):
 garbage-first heap   total 393216K, used 133202K [0x0000000080000000, 0x0000000100000000)
  region size 1024K, 2 young (2048K), 2 survivors (2048K)
 Metaspace       used 124335K, capacity 128006K, committed 130344K, reserved 628736K
  class space    used 15979K, capacity 17395K, committed 18200K, reserved 516096K
}
Event: 3525.592 GC heap before
{Heap before GC invocations=87 (full 0):
 garbage-first heap   total 393216K, used 219218K [0x0000000080000000, 0x0000000100000000)
  region size 1024K, 86 young (88064K), 2 survivors (2048K)
 Metaspace       used 124537K, capacity 128238K, committed 130600K, reserved 628736K
  class space    used 15989K, capacity 17401K, committed 18200K, reserved 516096K
}
Event: 3525.607 GC heap after
{Heap after GC invocations=88 (full 0):
 garbage-first heap   total 393216K, used 138280K [0x0000000080000000, 0x0000000100000000)
  region size 1024K, 7 young (7168K), 7 survivors (7168K)
 Metaspace       used 124537K, capacity 128238K, committed 130600K, reserved 628736K
  class space    used 15989K, capacity 17401K, committed 18200K, reserved 516096K
}
Event: 3526.441 GC heap before
{Heap before GC invocations=88 (full 0):
 garbage-first heap   total 393216K, used 235560K [0x0000000080000000, 0x0000000100000000)
  region size 1024K, 103 young (105472K), 7 survivors (7168K)
 Metaspace       used 124772K, capacity 128441K, committed 130856K, reserved 630784K
  class space    used 16010K, capacity 17418K, committed 18200K, reserved 516096K
}
Event: 3526.454 GC heap after
{Heap after GC invocations=89 (full 0):
 garbage-first heap   total 393216K, used 139967K [0x0000000080000000, 0x0000000100000000)
  region size 1024K, 8 young (8192K), 8 survivors (8192K)
 Metaspace       used 124772K, capacity 128441K, committed 130856K, reserved 630784K
  class space    used 16010K, capacity 17418K, committed 18200K, reserved 516096K
}
Event: 3527.459 GC heap before
{Heap before GC invocations=89 (full 0):
 garbage-first heap   total 393216K, used 276159K [0x0000000080000000, 0x0000000100000000)
  region size 1024K, 141 young (144384K), 8 survivors (8192K)
 Metaspace       used 124885K, capacity 128542K, committed 130856K, reserved 630784K
  class space    used 16017K, capacity 17427K, committed 18200K, reserved 516096K
}
Event: 3527.487 GC heap after
{Heap after GC invocations=90 (full 0):
 garbage-first heap   total 393216K, used 139967K [0x0000000080000000, 0x0000000100000000)
  region size 1024K, 8 young (8192K), 8 survivors (8192K)
 Metaspace       used 124885K, capacity 128542K, committed 130856K, reserved 630784K
  class space    used 16017K, capacity 17427K, committed 18200K, reserved 516096K
}
Event: 3528.698 GC heap before
{Heap before GC invocations=90 (full 0):
 garbage-first heap   total 393216K, used 280255K [0x0000000080000000, 0x0000000100000000)
  region size 1024K, 145 young (148480K), 8 survivors (8192K)
 Metaspace       used 125616K, capacity 129422K, committed 131240K, reserved 630784K
  class space    used 16120K, capacity 17605K, committed 18328K, reserved 516096K
}

